<?xml version="1.0" encoding="UTF-8"?>
<testsuite xmlns:xsi="http://www.w3.org/2001/XMLSchema-instance" xsi:noNamespaceSchemaLocation="https://maven.apache.org/surefire/maven-surefire-plugin/xsd/surefire-test-report.xsd" name="TestSuite" time="78.65" tests="2" errors="0" skipped="0" failures="0">
  <properties>
    <property name="gopherProxySet" value="false"/>
    <property name="awt.toolkit" value="sun.lwawt.macosx.LWCToolkit"/>
    <property name="java.specification.version" value="11"/>
    <property name="sun.cpu.isalist" value=""/>
    <property name="sun.jnu.encoding" value="UTF-8"/>
    <property name="java.class.path" value="/Users/harindaekanayake/IdeaProjects/AndroidAppiumProject/target/test-classes:/Users/harindaekanayake/IdeaProjects/AndroidAppiumProject/target/classes:/Users/harindaekanayake/.m2/repository/io/appium/java-client/7.3.0/java-client-7.3.0.jar:/Users/harindaekanayake/.m2/repository/org/seleniumhq/selenium/selenium-support/3.141.59/selenium-support-3.141.59.jar:/Users/harindaekanayake/.m2/repository/org/seleniumhq/selenium/selenium-api/3.141.59/selenium-api-3.141.59.jar:/Users/harindaekanayake/.m2/repository/com/google/code/gson/gson/2.8.5/gson-2.8.5.jar:/Users/harindaekanayake/.m2/repository/org/apache/httpcomponents/httpclient/4.5.9/httpclient-4.5.9.jar:/Users/harindaekanayake/.m2/repository/org/apache/httpcomponents/httpcore/4.4.11/httpcore-4.4.11.jar:/Users/harindaekanayake/.m2/repository/commons-logging/commons-logging/1.2/commons-logging-1.2.jar:/Users/harindaekanayake/.m2/repository/commons-codec/commons-codec/1.11/commons-codec-1.11.jar:/Users/harindaekanayake/.m2/repository/cglib/cglib/3.2.12/cglib-3.2.12.jar:/Users/harindaekanayake/.m2/repository/org/ow2/asm/asm/7.1/asm-7.1.jar:/Users/harindaekanayake/.m2/repository/commons-validator/commons-validator/1.6/commons-validator-1.6.jar:/Users/harindaekanayake/.m2/repository/commons-beanutils/commons-beanutils/1.9.2/commons-beanutils-1.9.2.jar:/Users/harindaekanayake/.m2/repository/commons-digester/commons-digester/1.8.1/commons-digester-1.8.1.jar:/Users/harindaekanayake/.m2/repository/commons-collections/commons-collections/3.2.2/commons-collections-3.2.2.jar:/Users/harindaekanayake/.m2/repository/commons-io/commons-io/2.6/commons-io-2.6.jar:/Users/harindaekanayake/.m2/repository/org/springframework/spring-context/5.1.8.RELEASE/spring-context-5.1.8.RELEASE.jar:/Users/harindaekanayake/.m2/repository/org/springframework/spring-aop/5.1.8.RELEASE/spring-aop-5.1.8.RELEASE.jar:/Users/harindaekanayake/.m2/repository/org/springframework/spring-beans/5.1.8.RELEASE/spring-beans-5.1.8.RELEASE.jar:/Users/harindaekanayake/.m2/repository/org/springframework/spring-core/5.1.8.RELEASE/spring-core-5.1.8.RELEASE.jar:/Users/harindaekanayake/.m2/repository/org/springframework/spring-jcl/5.1.8.RELEASE/spring-jcl-5.1.8.RELEASE.jar:/Users/harindaekanayake/.m2/repository/org/springframework/spring-expression/5.1.8.RELEASE/spring-expression-5.1.8.RELEASE.jar:/Users/harindaekanayake/.m2/repository/org/aspectj/aspectjweaver/1.9.4/aspectjweaver-1.9.4.jar:/Users/harindaekanayake/.m2/repository/org/slf4j/slf4j-api/1.7.26/slf4j-api-1.7.26.jar:/Users/harindaekanayake/.m2/repository/org/seleniumhq/selenium/selenium-java/3.141.59/selenium-java-3.141.59.jar:/Users/harindaekanayake/.m2/repository/org/seleniumhq/selenium/selenium-chrome-driver/3.141.59/selenium-chrome-driver-3.141.59.jar:/Users/harindaekanayake/.m2/repository/org/seleniumhq/selenium/selenium-edge-driver/3.141.59/selenium-edge-driver-3.141.59.jar:/Users/harindaekanayake/.m2/repository/org/seleniumhq/selenium/selenium-firefox-driver/3.141.59/selenium-firefox-driver-3.141.59.jar:/Users/harindaekanayake/.m2/repository/org/seleniumhq/selenium/selenium-ie-driver/3.141.59/selenium-ie-driver-3.141.59.jar:/Users/harindaekanayake/.m2/repository/org/seleniumhq/selenium/selenium-opera-driver/3.141.59/selenium-opera-driver-3.141.59.jar:/Users/harindaekanayake/.m2/repository/org/seleniumhq/selenium/selenium-remote-driver/3.141.59/selenium-remote-driver-3.141.59.jar:/Users/harindaekanayake/.m2/repository/org/seleniumhq/selenium/selenium-safari-driver/3.141.59/selenium-safari-driver-3.141.59.jar:/Users/harindaekanayake/.m2/repository/net/bytebuddy/byte-buddy/1.8.15/byte-buddy-1.8.15.jar:/Users/harindaekanayake/.m2/repository/org/apache/commons/commons-exec/1.3/commons-exec-1.3.jar:/Users/harindaekanayake/.m2/repository/com/google/guava/guava/25.0-jre/guava-25.0-jre.jar:/Users/harindaekanayake/.m2/repository/com/google/code/findbugs/jsr305/1.3.9/jsr305-1.3.9.jar:/Users/harindaekanayake/.m2/repository/org/checkerframework/checker-compat-qual/2.0.0/checker-compat-qual-2.0.0.jar:/Users/harindaekanayake/.m2/repository/com/google/errorprone/error_prone_annotations/2.1.3/error_prone_annotations-2.1.3.jar:/Users/harindaekanayake/.m2/repository/com/google/j2objc/j2objc-annotations/1.1/j2objc-annotations-1.1.jar:/Users/harindaekanayake/.m2/repository/org/codehaus/mojo/animal-sniffer-annotations/1.14/animal-sniffer-annotations-1.14.jar:/Users/harindaekanayake/.m2/repository/com/squareup/okhttp3/okhttp/3.11.0/okhttp-3.11.0.jar:/Users/harindaekanayake/.m2/repository/com/squareup/okio/okio/1.14.0/okio-1.14.0.jar:/Users/harindaekanayake/.m2/repository/org/apache/commons/commons-lang3/3.11/commons-lang3-3.11.jar:/Users/harindaekanayake/.m2/repository/org/testng/testng/7.1.0/testng-7.1.0.jar:/Users/harindaekanayake/.m2/repository/com/beust/jcommander/1.72/jcommander-1.72.jar:/Users/harindaekanayake/.m2/repository/com/google/inject/guice/4.1.0/guice-4.1.0-no_aop.jar:/Users/harindaekanayake/.m2/repository/javax/inject/javax.inject/1/javax.inject-1.jar:/Users/harindaekanayake/.m2/repository/aopalliance/aopalliance/1.0/aopalliance-1.0.jar:/Users/harindaekanayake/.m2/repository/org/yaml/snakeyaml/1.21/snakeyaml-1.21.jar:/Users/harindaekanayake/.m2/repository/org/apache/poi/poi-ooxml/4.1.2/poi-ooxml-4.1.2.jar:/Users/harindaekanayake/.m2/repository/org/apache/poi/poi/4.1.2/poi-4.1.2.jar:/Users/harindaekanayake/.m2/repository/org/apache/commons/commons-collections4/4.4/commons-collections4-4.4.jar:/Users/harindaekanayake/.m2/repository/org/apache/commons/commons-math3/3.6.1/commons-math3-3.6.1.jar:/Users/harindaekanayake/.m2/repository/com/zaxxer/SparseBitSet/1.2/SparseBitSet-1.2.jar:/Users/harindaekanayake/.m2/repository/org/apache/poi/poi-ooxml-schemas/4.1.2/poi-ooxml-schemas-4.1.2.jar:/Users/harindaekanayake/.m2/repository/org/apache/xmlbeans/xmlbeans/3.1.0/xmlbeans-3.1.0.jar:/Users/harindaekanayake/.m2/repository/org/apache/commons/commons-compress/1.19/commons-compress-1.19.jar:/Users/harindaekanayake/.m2/repository/com/github/virtuald/curvesapi/1.06/curvesapi-1.06.jar:"/>
    <property name="java.vm.vendor" value="Oracle Corporation"/>
    <property name="sun.arch.data.model" value="64"/>
    <property name="java.vendor.url" value="https://openjdk.java.net/"/>
    <property name="user.timezone" value=""/>
    <property name="java.vm.specification.version" value="11"/>
    <property name="os.name" value="Mac OS X"/>
    <property name="sun.java.launcher" value="SUN_STANDARD"/>
    <property name="user.country" value="LK"/>
    <property name="sun.boot.library.path" value="/Library/Java/JavaVirtualMachines/jdk-11.0.7.jdk/Contents/Home/lib"/>
    <property name="sun.java.command" value="/Users/harindaekanayake/IdeaProjects/AndroidAppiumProject/target/surefire/surefirebooter2227561770759652587.jar /Users/harindaekanayake/IdeaProjects/AndroidAppiumProject/target/surefire 2020-11-12T17-22-05_603-jvmRun1 surefire15951597629750868776tmp surefire_013985160104048792223tmp"/>
    <property name="http.nonProxyHosts" value="local|*.local|169.254/16|*.169.254/16"/>
    <property name="jdk.debug" value="release"/>
    <property name="surefire.test.class.path" value="/Users/harindaekanayake/IdeaProjects/AndroidAppiumProject/target/test-classes:/Users/harindaekanayake/IdeaProjects/AndroidAppiumProject/target/classes:/Users/harindaekanayake/.m2/repository/io/appium/java-client/7.3.0/java-client-7.3.0.jar:/Users/harindaekanayake/.m2/repository/org/seleniumhq/selenium/selenium-support/3.141.59/selenium-support-3.141.59.jar:/Users/harindaekanayake/.m2/repository/org/seleniumhq/selenium/selenium-api/3.141.59/selenium-api-3.141.59.jar:/Users/harindaekanayake/.m2/repository/com/google/code/gson/gson/2.8.5/gson-2.8.5.jar:/Users/harindaekanayake/.m2/repository/org/apache/httpcomponents/httpclient/4.5.9/httpclient-4.5.9.jar:/Users/harindaekanayake/.m2/repository/org/apache/httpcomponents/httpcore/4.4.11/httpcore-4.4.11.jar:/Users/harindaekanayake/.m2/repository/commons-logging/commons-logging/1.2/commons-logging-1.2.jar:/Users/harindaekanayake/.m2/repository/commons-codec/commons-codec/1.11/commons-codec-1.11.jar:/Users/harindaekanayake/.m2/repository/cglib/cglib/3.2.12/cglib-3.2.12.jar:/Users/harindaekanayake/.m2/repository/org/ow2/asm/asm/7.1/asm-7.1.jar:/Users/harindaekanayake/.m2/repository/commons-validator/commons-validator/1.6/commons-validator-1.6.jar:/Users/harindaekanayake/.m2/repository/commons-beanutils/commons-beanutils/1.9.2/commons-beanutils-1.9.2.jar:/Users/harindaekanayake/.m2/repository/commons-digester/commons-digester/1.8.1/commons-digester-1.8.1.jar:/Users/harindaekanayake/.m2/repository/commons-collections/commons-collections/3.2.2/commons-collections-3.2.2.jar:/Users/harindaekanayake/.m2/repository/commons-io/commons-io/2.6/commons-io-2.6.jar:/Users/harindaekanayake/.m2/repository/org/springframework/spring-context/5.1.8.RELEASE/spring-context-5.1.8.RELEASE.jar:/Users/harindaekanayake/.m2/repository/org/springframework/spring-aop/5.1.8.RELEASE/spring-aop-5.1.8.RELEASE.jar:/Users/harindaekanayake/.m2/repository/org/springframework/spring-beans/5.1.8.RELEASE/spring-beans-5.1.8.RELEASE.jar:/Users/harindaekanayake/.m2/repository/org/springframework/spring-core/5.1.8.RELEASE/spring-core-5.1.8.RELEASE.jar:/Users/harindaekanayake/.m2/repository/org/springframework/spring-jcl/5.1.8.RELEASE/spring-jcl-5.1.8.RELEASE.jar:/Users/harindaekanayake/.m2/repository/org/springframework/spring-expression/5.1.8.RELEASE/spring-expression-5.1.8.RELEASE.jar:/Users/harindaekanayake/.m2/repository/org/aspectj/aspectjweaver/1.9.4/aspectjweaver-1.9.4.jar:/Users/harindaekanayake/.m2/repository/org/slf4j/slf4j-api/1.7.26/slf4j-api-1.7.26.jar:/Users/harindaekanayake/.m2/repository/org/seleniumhq/selenium/selenium-java/3.141.59/selenium-java-3.141.59.jar:/Users/harindaekanayake/.m2/repository/org/seleniumhq/selenium/selenium-chrome-driver/3.141.59/selenium-chrome-driver-3.141.59.jar:/Users/harindaekanayake/.m2/repository/org/seleniumhq/selenium/selenium-edge-driver/3.141.59/selenium-edge-driver-3.141.59.jar:/Users/harindaekanayake/.m2/repository/org/seleniumhq/selenium/selenium-firefox-driver/3.141.59/selenium-firefox-driver-3.141.59.jar:/Users/harindaekanayake/.m2/repository/org/seleniumhq/selenium/selenium-ie-driver/3.141.59/selenium-ie-driver-3.141.59.jar:/Users/harindaekanayake/.m2/repository/org/seleniumhq/selenium/selenium-opera-driver/3.141.59/selenium-opera-driver-3.141.59.jar:/Users/harindaekanayake/.m2/repository/org/seleniumhq/selenium/selenium-remote-driver/3.141.59/selenium-remote-driver-3.141.59.jar:/Users/harindaekanayake/.m2/repository/org/seleniumhq/selenium/selenium-safari-driver/3.141.59/selenium-safari-driver-3.141.59.jar:/Users/harindaekanayake/.m2/repository/net/bytebuddy/byte-buddy/1.8.15/byte-buddy-1.8.15.jar:/Users/harindaekanayake/.m2/repository/org/apache/commons/commons-exec/1.3/commons-exec-1.3.jar:/Users/harindaekanayake/.m2/repository/com/google/guava/guava/25.0-jre/guava-25.0-jre.jar:/Users/harindaekanayake/.m2/repository/com/google/code/findbugs/jsr305/1.3.9/jsr305-1.3.9.jar:/Users/harindaekanayake/.m2/repository/org/checkerframework/checker-compat-qual/2.0.0/checker-compat-qual-2.0.0.jar:/Users/harindaekanayake/.m2/repository/com/google/errorprone/error_prone_annotations/2.1.3/error_prone_annotations-2.1.3.jar:/Users/harindaekanayake/.m2/repository/com/google/j2objc/j2objc-annotations/1.1/j2objc-annotations-1.1.jar:/Users/harindaekanayake/.m2/repository/org/codehaus/mojo/animal-sniffer-annotations/1.14/animal-sniffer-annotations-1.14.jar:/Users/harindaekanayake/.m2/repository/com/squareup/okhttp3/okhttp/3.11.0/okhttp-3.11.0.jar:/Users/harindaekanayake/.m2/repository/com/squareup/okio/okio/1.14.0/okio-1.14.0.jar:/Users/harindaekanayake/.m2/repository/org/apache/commons/commons-lang3/3.11/commons-lang3-3.11.jar:/Users/harindaekanayake/.m2/repository/org/testng/testng/7.1.0/testng-7.1.0.jar:/Users/harindaekanayake/.m2/repository/com/beust/jcommander/1.72/jcommander-1.72.jar:/Users/harindaekanayake/.m2/repository/com/google/inject/guice/4.1.0/guice-4.1.0-no_aop.jar:/Users/harindaekanayake/.m2/repository/javax/inject/javax.inject/1/javax.inject-1.jar:/Users/harindaekanayake/.m2/repository/aopalliance/aopalliance/1.0/aopalliance-1.0.jar:/Users/harindaekanayake/.m2/repository/org/yaml/snakeyaml/1.21/snakeyaml-1.21.jar:/Users/harindaekanayake/.m2/repository/org/apache/poi/poi-ooxml/4.1.2/poi-ooxml-4.1.2.jar:/Users/harindaekanayake/.m2/repository/org/apache/poi/poi/4.1.2/poi-4.1.2.jar:/Users/harindaekanayake/.m2/repository/org/apache/commons/commons-collections4/4.4/commons-collections4-4.4.jar:/Users/harindaekanayake/.m2/repository/org/apache/commons/commons-math3/3.6.1/commons-math3-3.6.1.jar:/Users/harindaekanayake/.m2/repository/com/zaxxer/SparseBitSet/1.2/SparseBitSet-1.2.jar:/Users/harindaekanayake/.m2/repository/org/apache/poi/poi-ooxml-schemas/4.1.2/poi-ooxml-schemas-4.1.2.jar:/Users/harindaekanayake/.m2/repository/org/apache/xmlbeans/xmlbeans/3.1.0/xmlbeans-3.1.0.jar:/Users/harindaekanayake/.m2/repository/org/apache/commons/commons-compress/1.19/commons-compress-1.19.jar:/Users/harindaekanayake/.m2/repository/com/github/virtuald/curvesapi/1.06/curvesapi-1.06.jar:"/>
    <property name="sun.cpu.endian" value="little"/>
    <property name="user.home" value="/Users/harindaekanayake"/>
    <property name="user.language" value="en"/>
    <property name="java.specification.vendor" value="Oracle Corporation"/>
    <property name="java.version.date" value="2020-04-14"/>
    <property name="java.home" value="/Library/Java/JavaVirtualMachines/jdk-11.0.7.jdk/Contents/Home"/>
    <property name="file.separator" value="/"/>
    <property name="basedir" value="/Users/harindaekanayake/IdeaProjects/AndroidAppiumProject"/>
    <property name="java.vm.compressedOopsMode" value="Zero based"/>
    <property name="line.separator" value="&#10;"/>
    <property name="java.specification.name" value="Java Platform API Specification"/>
    <property name="java.vm.specification.vendor" value="Oracle Corporation"/>
    <property name="java.awt.graphicsenv" value="sun.awt.CGraphicsEnvironment"/>
    <property name="surefire.real.class.path" value="/Users/harindaekanayake/IdeaProjects/AndroidAppiumProject/target/surefire/surefirebooter2227561770759652587.jar"/>
    <property name="sun.management.compiler" value="HotSpot 64-Bit Tiered Compilers"/>
    <property name="ftp.nonProxyHosts" value="local|*.local|169.254/16|*.169.254/16"/>
    <property name="java.runtime.version" value="11.0.7+8-LTS"/>
    <property name="user.name" value="harindaekanayake"/>
    <property name="path.separator" value=":"/>
    <property name="os.version" value="10.15.7"/>
    <property name="java.runtime.name" value="Java(TM) SE Runtime Environment"/>
    <property name="file.encoding" value="UTF-8"/>
    <property name="java.vm.name" value="Java HotSpot(TM) 64-Bit Server VM"/>
    <property name="java.vendor.version" value="18.9"/>
    <property name="localRepository" value="/Users/harindaekanayake/.m2/repository"/>
    <property name="java.vendor.url.bug" value="https://bugreport.java.com/bugreport/"/>
    <property name="java.io.tmpdir" value="/var/folders/52/wfpd2ryd4dzfhgyhwfw0hnb40000gn/T/"/>
    <property name="java.version" value="11.0.7"/>
    <property name="user.dir" value="/Users/harindaekanayake/IdeaProjects/AndroidAppiumProject"/>
    <property name="os.arch" value="x86_64"/>
    <property name="java.vm.specification.name" value="Java Virtual Machine Specification"/>
    <property name="java.awt.printerjob" value="sun.lwawt.macosx.CPrinterJob"/>
    <property name="sun.os.patch.level" value="unknown"/>
    <property name="java.library.path" value="/Users/harindaekanayake/Library/Java/Extensions:/Library/Java/Extensions:/Network/Library/Java/Extensions:/System/Library/Java/Extensions:/usr/lib/java:."/>
    <property name="java.vendor" value="Oracle Corporation"/>
    <property name="java.vm.info" value="mixed mode"/>
    <property name="java.vm.version" value="11.0.7+8-LTS"/>
    <property name="sun.io.unicode.encoding" value="UnicodeBig"/>
    <property name="java.class.version" value="55.0"/>
    <property name="socksNonProxyHosts" value="local|*.local|169.254/16|*.169.254/16"/>
  </properties>
  <testcase name="verifyConduitLogin" classname="pomappiumautomation.testcase.ConduitNewPostPageTest" time="29.514"/>
  <testcase name="verifyConduitLogin" classname="pomappiumautomation.testcase.ConduitNewPostPageTest" time="28.785"/>
</testsuite>