<?xml version="1.0" encoding="UTF-8"?>
<!-- Generated by org.testng.reporters.JUnitReportReporter -->
<testsuite hostname="HMBPro6" failures="0" tests="2" name="pomappiumautomation.testcase.ConduitNewPostPageTest" time="77.421" errors="0" timestamp="2020-11-12T17:23:24 IST" skipped="0">
  <testcase classname="pomappiumautomation.testcase.ConduitNewPostPageTest" name="verifyConduitLogin" time="38.025"/>
  <system-out/>
  <testcase classname="pomappiumautomation.testcase.ConduitNewPostPageTest" name="verifyConduitLogin" time="39.396"/>
  <system-out/>
</testsuite> <!-- pomappiumautomation.testcase.ConduitNewPostPageTest -->
